This is pdfTeX, Version 3.1415926-1.40.11 (TeX Live 2010) (format=latex 2010.7.21)  9 JUN 2011 14:23
entering extended mode
 restricted \write18 enabled.
 file:line:error style messages enabled.
 %&-line parsing enabled.
**ecethesis.tex
(./ecethesis.tex
LaTeX2e <2009/09/24>
Babel <v3.8l> and hyphenation patterns for english, dumylang, nohyphenation, ge
rman-x-2009-06-19, ngerman-x-2009-06-19, ancientgreek, ibycus, arabic, armenian
, basque, bulgarian, catalan, pinyin, coptic, croatian, czech, danish, dutch, u
kenglish, usenglishmax, esperanto, estonian, farsi, finnish, french, galician, 
german, ngerman, swissgerman, monogreek, greek, hungarian, icelandic, assamese,
 bengali, gujarati, hindi, kannada, malayalam, marathi, oriya, panjabi, tamil, 
telugu, indonesian, interlingua, irish, italian, kurmanji, lao, latin, latvian,
 lithuanian, mongolian, mongolianlmc, bokmal, nynorsk, polish, portuguese, roma
nian, russian, sanskrit, serbian, slovak, slovenian, spanish, swedish, turkish,
 turkmen, ukrainian, uppersorbian, welsh, loaded.
(./uiucecethesis09.cls
Document Class: uiucecethesis09 2010/06/23\ ECE3.10\ UIUC Thesis (PJC)
(/usr/local/texlive/2010/texmf-dist/tex/latex/setspace/setspace.sty
Package: setspace 2000/12/01 6.7 Contributed and Supported LaTeX2e package

Package: `setspace' 6.7 <2000/12/01>
) (/usr/local/texlive/2010/texmf-dist/tex/latex/tools/calc.sty
Package: calc 2007/08/22 v4.3 Infix arithmetic (KKT,FJ)
\calc@Acount=\count79
\calc@Bcount=\count80
\calc@Adimen=\dimen102
\calc@Bdimen=\dimen103
\calc@Askip=\skip41
\calc@Bskip=\skip42
LaTeX Info: Redefining \setlength on input line 76.
LaTeX Info: Redefining \addtolength on input line 77.
\calc@Ccount=\count81
\calc@Cskip=\skip43
)
\thesis@parindent=\dimen104

(/usr/local/texlive/2010/texmf-dist/tex/latex/base/book.cls
Document Class: book 2007/10/19 v1.4h Standard LaTeX document class
(/usr/local/texlive/2010/texmf-dist/tex/latex/base/bk12.clo
File: bk12.clo 2007/10/19 v1.4h Standard LaTeX file (size option)
)
\c@part=\count82
\c@chapter=\count83
\c@section=\count84
\c@subsection=\count85
\c@subsubsection=\count86
\c@paragraph=\count87
\c@subparagraph=\count88
\c@figure=\count89
\c@table=\count90
\abovecaptionskip=\skip44
\belowcaptionskip=\skip45
\bibindent=\dimen105
)
\degree@dept@max=\skip46
\degree@dept@wid=\skip47
\degree@dept@test=\box26
\thesis@chapskip=\skip48
\chaptertitleheight=\skip49
)
(/usr/local/texlive/2010/texmf-dist/tex/latex/subfigure/subfigure.sty
Package: subfigure 2002/03/15 v2.1.5 subfigure package
\subfigtopskip=\skip50
\subfigcapskip=\skip51
\subfigcaptopadj=\dimen106
\subfigbottomskip=\skip52
\subfigcapmargin=\dimen107
\subfiglabelskip=\skip53
\c@subfigure=\count91
\c@lofdepth=\count92
\c@subtable=\count93
\c@lotdepth=\count94

****************************************
* Local config file subfigure.cfg used *
****************************************
(/usr/local/texlive/2010/texmf-dist/tex/latex/subfigure/subfigure.cfg)
\subfig@top=\skip54
\subfig@bottom=\skip55
)
(/usr/local/texlive/2010/texmf-dist/tex/latex/multirow/multirow.sty
\bigstrutjot=\dimen108
)
(/usr/local/texlive/2010/texmf-dist/tex/latex/graphics/color.sty
Package: color 2005/11/14 v1.0j Standard LaTeX Color (DPC)

(/usr/local/texlive/2010/texmf-dist/tex/latex/latexconfig/color.cfg
File: color.cfg 2007/01/18 v1.5 color configuration of teTeX/TeXLive
)
Package color Info: Driver file: dvips.def on input line 130.

(/usr/local/texlive/2010/texmf-dist/tex/latex/graphics/dvips.def
File: dvips.def 1999/02/16 v3.0i Driver-dependant file (DPC,SPQR)
)
(/usr/local/texlive/2010/texmf-dist/tex/latex/graphics/dvipsnam.def
File: dvipsnam.def 1999/02/16 v3.0i Driver-dependant file (DPC,SPQR)
))
(/usr/local/texlive/2010/texmf-dist/tex/latex/soul/soul.sty
Package: soul 2003/11/17 v2.4 letterspacing/underlining (mf)
\SOUL@word=\toks14
\SOUL@lasttoken=\toks15
\SOUL@cmds=\toks16
\SOUL@buffer=\toks17
\SOUL@token=\toks18
\SOUL@spaceskip=\skip56
\SOUL@ttwidth=\dimen109
\SOUL@uldp=\dimen110
\SOUL@ulht=\dimen111
)
(/usr/local/texlive/2010/texmf-dist/tex/latex/graphics/epsfig.sty
Package: epsfig 1999/02/16 v1.7a (e)psfig emulation (SPQR)

(/usr/local/texlive/2010/texmf-dist/tex/latex/graphics/graphicx.sty
Package: graphicx 1999/02/16 v1.0f Enhanced LaTeX Graphics (DPC,SPQR)

(/usr/local/texlive/2010/texmf-dist/tex/latex/graphics/keyval.sty
Package: keyval 1999/03/16 v1.13 key=value parser (DPC)
\KV@toks@=\toks19
)
(/usr/local/texlive/2010/texmf-dist/tex/latex/graphics/graphics.sty
Package: graphics 2009/02/05 v1.0o Standard LaTeX Graphics (DPC,SPQR)

(/usr/local/texlive/2010/texmf-dist/tex/latex/graphics/trig.sty
Package: trig 1999/03/16 v1.09 sin cos tan (DPC)
)
(/usr/local/texlive/2010/texmf-dist/tex/latex/latexconfig/graphics.cfg
File: graphics.cfg 2010/04/23 v1.9 graphics configuration of TeX Live
)
Package graphics Info: Driver file: dvips.def on input line 91.
)
\Gin@req@height=\dimen112
\Gin@req@width=\dimen113
)
\epsfxsize=\dimen114
\epsfysize=\dimen115
)
(/usr/local/texlive/2010/texmf-dist/tex/latex/amsmath/amsmath.sty
Package: amsmath 2000/07/18 v2.13 AMS math features
\@mathmargin=\skip57

For additional information on amsmath, use the `?' option.
(/usr/local/texlive/2010/texmf-dist/tex/latex/amsmath/amstext.sty
Package: amstext 2000/06/29 v2.01

(/usr/local/texlive/2010/texmf-dist/tex/latex/amsmath/amsgen.sty
File: amsgen.sty 1999/11/30 v2.0
\@emptytoks=\toks20
\ex@=\dimen116
))
(/usr/local/texlive/2010/texmf-dist/tex/latex/amsmath/amsbsy.sty
Package: amsbsy 1999/11/29 v1.2d
\pmbraise@=\dimen117
)
(/usr/local/texlive/2010/texmf-dist/tex/latex/amsmath/amsopn.sty
Package: amsopn 1999/12/14 v2.01 operator names
)
\inf@bad=\count95
LaTeX Info: Redefining \frac on input line 211.
\uproot@=\count96
\leftroot@=\count97
LaTeX Info: Redefining \overline on input line 307.
\classnum@=\count98
\DOTSCASE@=\count99
LaTeX Info: Redefining \ldots on input line 379.
LaTeX Info: Redefining \dots on input line 382.
LaTeX Info: Redefining \cdots on input line 467.
\Mathstrutbox@=\box27
\strutbox@=\box28
\big@size=\dimen118
LaTeX Font Info:    Redeclaring font encoding OML on input line 567.
LaTeX Font Info:    Redeclaring font encoding OMS on input line 568.
\macc@depth=\count100
\c@MaxMatrixCols=\count101
\dotsspace@=\muskip10
\c@parentequation=\count102
\dspbrk@lvl=\count103
\tag@help=\toks21
\row@=\count104
\column@=\count105
\maxfields@=\count106
\andhelp@=\toks22
\eqnshift@=\dimen119
\alignsep@=\dimen120
\tagshift@=\dimen121
\tagwidth@=\dimen122
\totwidth@=\dimen123
\lineht@=\dimen124
\@envbody=\toks23
\multlinegap=\skip58
\multlinetaggap=\skip59
\mathdisplay@stack=\toks24
LaTeX Info: Redefining \[ on input line 2666.
LaTeX Info: Redefining \] on input line 2667.
)
(/usr/local/texlive/2010/texmf-dist/tex/latex/graphics/lscape.sty
Package: lscape 2000/10/22 v3.01 Landscape Pages (DPC)
)
(/usr/local/texlive/2010/texmf-dist/tex/latex/caption/caption.sty
Package: caption 2010/01/09 v3.1m Customizing captions (AR)

(/usr/local/texlive/2010/texmf-dist/tex/latex/caption/caption3.sty
Package: caption3 2010/01/14 v3.1m caption3 kernel (AR)
\captionmargin=\dimen125
\captionmargin@=\dimen126
\captionwidth=\dimen127
\caption@indent=\dimen128
\caption@parindent=\dimen129
\caption@hangindent=\dimen130
)
\c@ContinuedFloat=\count107
Package caption Info: subfigure package is loaded.
)
(./ecethesis.aux (./Chapter_1_Introduction.aux)
(./Chapter_2_Tracking_Protocols.aux) (./Chapter_3_Storage_Access_Protocols.aux)
(./Chapter_4_Distributed_Passive_RFID_Computing.aux)
(./Chapter_5_Conclusion.aux))
\openout1 = `ecethesis.aux'.

LaTeX Font Info:    Checking defaults for OML/cmm/m/it on input line 53.
LaTeX Font Info:    ... okay on input line 53.
LaTeX Font Info:    Checking defaults for T1/cmr/m/n on input line 53.
LaTeX Font Info:    ... okay on input line 53.
LaTeX Font Info:    Checking defaults for OT1/cmr/m/n on input line 53.
LaTeX Font Info:    ... okay on input line 53.
LaTeX Font Info:    Checking defaults for OMS/cmsy/m/n on input line 53.
LaTeX Font Info:    ... okay on input line 53.
LaTeX Font Info:    Checking defaults for OMX/cmex/m/n on input line 53.
LaTeX Font Info:    ... okay on input line 53.
LaTeX Font Info:    Checking defaults for U/cmr/m/n on input line 53.
LaTeX Font Info:    ... okay on input line 53.
\chapternumberheight=\dimen131
Package caption Info: Begin \AtBeginDocument code.
Package caption Info: End \AtBeginDocument code.
LaTeX Font Info:    Try loading font information for OMS+cmr on input line 64.

(/usr/local/texlive/2010/texmf-dist/tex/latex/base/omscmr.fd
File: omscmr.fd 1999/05/25 v2.5h Standard LaTeX font definitions
)
LaTeX Font Info:    Font shape `OMS/cmr/m/n' in size <12> not available
(Font)              Font shape `OMS/cmsy/m/n' tried instead on input line 64.
 [1

]
\thesis@dim=\dimen132

Underfull \vbox (badness 10000) detected at line 64
 []


Overfull \vbox (72.26999pt too high) detected at line 64
 []


Underfull \vbox (badness 10000) detected at line 64
 []


Underfull \vbox (badness 10000) detected at line 64
 []

[2] (./Abstract.tex) [2


] (./ecethesis.toc [3

])
\tf@toc=\write3
\openout3 = `ecethesis.toc'.

 [4]
\openout2 = `Chapter_1_Introduction.aux'.


(./Chapter_1_Introduction.tex
CHAPTER 1.
[1



] [2] [3] [4] [5] [6] [7] [8] [9] [10] [11] [12] [13] [14] [15] [16]
File: Chapter_1_Figures/Devices_Spectrum.eps Graphic file (type eps)

<Chapter_1_Figures/Devices_Spectrum.eps>
File: Chapter_1_Figures/Granularity_Spectrum.eps Graphic file (type eps)

<Chapter_1_Figures/Granularity_Spectrum.eps>) [17] [18]
\openout2 = `Chapter_2_Tracking_Protocols.aux'.


(./Chapter_2_Tracking_Protocols.tex
CHAPTER 2.
[19




]
Overfull \hbox (2.44176pt too wide) in paragraph at lines 17--18
\OT1/cmr/m/n/12 Users ex-ploit the space-time cor-re-la-tions of scanned tags a
s they move through
 []

[20] [21] [22] [23] [24] [25] [26] [27] [28] [29] [30] [31] [32] [33] [34]
[35] [36] [37] [38] [39] [40] [41] [42]
File: Chapter_2_Figures/tagfieldpicture.eps Graphic file (type eps)

<Chapter_2_Figures/tagfieldpicture.eps>
File: Chapter_2_Figures/path1.eps Graphic file (type eps)
 <Chapter_2_Figures/path1.eps>
File: Chapter_2_Figures/path2.eps Graphic file (type eps)

<Chapter_2_Figures/path2.eps>
File: Chapter_2_Figures/path3.eps Graphic file (type eps)
 <Chapter_2_Figures/path3.eps> [43] [44]
File: Chapter_2_Figures/path1_error.eps Graphic file (type eps)

<Chapter_2_Figures/path1_error.eps>
File: Chapter_2_Figures/path2_error.eps Graphic file (type eps)
 <Chapter_2_Figures/path2_error.eps>
File: Chapter_2_Figures/path3_error.eps Graphic file (type eps)

<Chapter_2_Figures/path3_error.eps>
File: Chapter_2_Figures/path1_change.eps Graphic file (type eps)
 <Chapter_2_Figures/path1_change.eps>
File: Chapter_2_Figures/path2_change.eps Graphic file (type eps)

<Chapter_2_Figures/path2_change.eps>
File: Chapter_2_Figures/path3_change.eps Graphic file (type eps)
 <Chapter_2_Figures/path3_change.eps>
[45]
File: Chapter_2_Figures/old_to_new_path1_rf270.eps Graphic file (type eps)
 <Chapter_2_Figures/old_to_new_path1_rf270.eps>
File: Chapter_2_Figures/old_to_new_path2_rf270.eps Graphic file (type eps)

<Chapter_2_Figures/old_to_new_path2_rf270.eps>
File: Chapter_2_Figures/old_to_new_path3_rf270.eps Graphic file (type eps)

<Chapter_2_Figures/old_to_new_path3_rf270.eps>
File: Chapter_2_Figures/old_to_centroid_path1_rf250.eps Graphic file (type eps)


<Chapter_2_Figures/old_to_centroid_path1_rf250.eps>
File: Chapter_2_Figures/old_to_centroid_path2_rf250.eps Graphic file (type eps)


<Chapter_2_Figures/old_to_centroid_path2_rf250.eps>
File: Chapter_2_Figures/old_to_centroid_path3_rf250.eps Graphic file (type eps)


<Chapter_2_Figures/old_to_centroid_path3_rf250.eps> [46]
File: Chapter_2_Figures/old_to_centroid_path1_rf270.eps Graphic file (type eps)


<Chapter_2_Figures/old_to_centroid_path1_rf270.eps>
File: Chapter_2_Figures/old_to_centroid_path2_rf270.eps Graphic file (type eps)


<Chapter_2_Figures/old_to_centroid_path2_rf270.eps>
File: Chapter_2_Figures/old_to_centroid_path3_rf270.eps Graphic file (type eps)


<Chapter_2_Figures/old_to_centroid_path3_rf270.eps>
File: Chapter_2_Figures/old_to_centroid_path1_rf290.eps Graphic file (type eps)


<Chapter_2_Figures/old_to_centroid_path1_rf290.eps>
File: Chapter_2_Figures/old_to_centroid_path2_rf290.eps Graphic file (type eps)


<Chapter_2_Figures/old_to_centroid_path2_rf290.eps>
File: Chapter_2_Figures/old_to_centroid_path3_rf290.eps Graphic file (type eps)


<Chapter_2_Figures/old_to_centroid_path3_rf290.eps> [47]
File: Chapter_2_Figures/all_to_new_path1_rf290.eps Graphic file (type eps)

<Chapter_2_Figures/all_to_new_path1_rf290.eps>
File: Chapter_2_Figures/all_to_new_path2_rf290.eps Graphic file (type eps)

<Chapter_2_Figures/all_to_new_path2_rf290.eps>
File: Chapter_2_Figures/all_to_new_path3_rf290.eps Graphic file (type eps)

<Chapter_2_Figures/all_to_new_path3_rf290.eps>
File: Chapter_2_Figures/all_to_centroid_path1_rf290.eps Graphic file (type eps)


<Chapter_2_Figures/all_to_centroid_path1_rf290.eps>
File: Chapter_2_Figures/all_to_centroid_path2_rf290.eps Graphic file (type eps)


<Chapter_2_Figures/all_to_centroid_path2_rf290.eps>
File: Chapter_2_Figures/all_to_centroid_path3_rf290.eps Graphic file (type eps)


<Chapter_2_Figures/all_to_centroid_path3_rf290.eps> [48]
File: Chapter_2_Figures/path1_searched_area.eps Graphic file (type eps)

<Chapter_2_Figures/path1_searched_area.eps>
File: Chapter_2_Figures/path2_searched_area.eps Graphic file (type eps)

<Chapter_2_Figures/path2_searched_area.eps>
File: Chapter_2_Figures/path3_searched_area.eps Graphic file (type eps)

<Chapter_2_Figures/path3_searched_area.eps>
File: Chapter_2_Figures/hiker_paths.eps Graphic file (type eps)

<Chapter_2_Figures/hiker_paths.eps> [49]
File: Chapter_2_Figures/hiker_circle.eps Graphic file (type eps)
 <Chapter_2_Figures/hiker_circle.eps>
File: Chapter_2_Figures/hiker_pdf.eps Graphic file (type eps)

<Chapter_2_Figures/hiker_pdf.eps> [50]
File: Chapter_2_Figures/yosemite_trail.eps Graphic file (type eps)
 <Chapter_2_Figures/yosemite_trail.eps>
File: Chapter_2_Figures/yosemite_sections.eps Graphic file (type eps)

<Chapter_2_Figures/yosemite_sections.eps> [51]
File: Chapter_2_Figures/frac_dense01.eps Graphic file (type eps)

<Chapter_2_Figures/frac_dense01.eps>
File: Chapter_2_Figures/frac_dense05.eps Graphic file (type eps)
 <Chapter_2_Figures/frac_dense05.eps>
[52]
File: Chapter_2_Figures/frac_dense10.eps Graphic file (type eps)
 <Chapter_2_Figures/frac_dense10.eps>
File: Chapter_2_Figures/search_dense01.eps Graphic file (type eps)

<Chapter_2_Figures/search_dense01.eps> [53]
File: Chapter_2_Figures/search_dense05.eps Graphic file (type eps)

<Chapter_2_Figures/search_dense05.eps>
File: Chapter_2_Figures/search_dense10.eps Graphic file (type eps)
 <Chapter_2_Figures/search_dense10.eps>
[54]) [55]
\openout2 = `Chapter_3_Storage_Access_Protocols.aux'.

 (./Chapter_3_Storage_Access_Protocols.tex
CHAPTER 3.
[56














] [57] [58] [59]
Overfull \hbox (4.56754pt too wide) in alignment at lines 56--58
 [][][] []
 []

[60] [61] [62]
Overfull \hbox (8.28615pt too wide) in paragraph at lines 82--83
[]\OT1/cmr/m/n/12 Figure 3.2[] shows that aloha-normal and query tree-normal ar
e naive schemes.
 []

[63] [64] [65] [66] [67] [68] [69] [70] [71] [72] [73] [74] [75]
Missing character: There is no Õ in font cmr12!
 [76] [77]
Missing character: There is no Õ in font cmr12!

[78] [79] [80] [81] [82]
Overfull \hbox (26.5379pt too wide) in paragraph at lines 228--229
\OT1/cmr/m/n/12 par-tic-u-lar file. For ex-am-ple, for the $12[]$ file, the $[]
 \OML/cmm/m/it/12 ; [] ;$
 []

[83] [84] [85] [86] [87] [88] [89]
File: Chapter_3_Figures/query_tree.eps Graphic file (type eps)
 <Chapter_3_Figures/query_tree.eps>
File: Chapter_3_Figures/sta_read_all.eps Graphic file (type eps)

<Chapter_3_Figures/sta_read_all.eps> [90]
File: Chapter_3_Figures/sta_read_aloha_max_aloha_half.eps Graphic file (type ep
s)

<Chapter_3_Figures/sta_read_aloha_max_aloha_half.eps>
File: Chapter_3_Figures/sta_read_qt_max.eps Graphic file (type eps)

<Chapter_3_Figures/sta_read_qt_max.eps> [91]
File: Chapter_3_Figures/sta_read_increasing_m.eps Graphic file (type eps)

<Chapter_3_Figures/sta_read_increasing_m.eps>
File: Chapter_3_Figures/decay_lambda_I_0.2.eps Graphic file (type eps)

<Chapter_3_Figures/decay_lambda_I_0.2.eps> [92]
File: Chapter_3_Figures/decay_lambda_I_0.6.eps Graphic file (type eps)

<Chapter_3_Figures/decay_lambda_I_0.6.eps>
File: Chapter_3_Figures/dyn_read_k_16.eps Graphic file (type eps)

<Chapter_3_Figures/dyn_read_k_16.eps> [93]
File: Chapter_3_Figures/dyn_read_k_20.eps Graphic file (type eps)

<Chapter_3_Figures/dyn_read_k_20.eps>
File: Chapter_3_Figures/dyn_read_k_24.eps Graphic file (type eps)
 <Chapter_3_Figures/dyn_read_k_24.eps>
[94]
File: Chapter_3_Figures/dyn_read_k_28.eps Graphic file (type eps)
 <Chapter_3_Figures/dyn_read_k_28.eps>
File: Chapter_3_Figures/Tag_Board_Figure.eps Graphic file (type eps)

<Chapter_3_Figures/Tag_Board_Figure.eps> [95] [96]
File: Chapter_3_Figures/Experiment_Setup.eps Graphic file (type eps)

<Chapter_3_Figures/Experiment_Setup.eps> [97]
File: Chapter_3_Figures/EPCList_Q06.eps Graphic file (type eps)

<Chapter_3_Figures/EPCList_Q06.eps>
File: Chapter_3_Figures/EPCList_Q10.eps Graphic file (type eps)
 <Chapter_3_Figures/EPCList_Q10.eps>
[98]
File: Chapter_3_Figures/EPCList_Q14.eps Graphic file (type eps)
 <Chapter_3_Figures/EPCList_Q14.eps>
File: Chapter_3_Figures/Write_Time_Q06.eps Graphic file (type eps)

<Chapter_3_Figures/Write_Time_Q06.eps> [99]
File: Chapter_3_Figures/Write_Time_Q10.eps Graphic file (type eps)

<Chapter_3_Figures/Write_Time_Q10.eps>
File: Chapter_3_Figures/Write_Time_Q14.eps Graphic file (type eps)
 <Chapter_3_Figures/Write_Time_Q14.eps>
[100]
File: Chapter_3_Figures/Utilization_Q06.eps Graphic file (type eps)
 <Chapter_3_Figures/Utilization_Q06.eps>
File: Chapter_3_Figures/Utilization_Q10.eps Graphic file (type eps)

<Chapter_3_Figures/Utilization_Q10.eps> [101]
File: Chapter_3_Figures/Utilization_Q14.eps Graphic file (type eps)

<Chapter_3_Figures/Utilization_Q14.eps>
File: Chapter_3_Figures/Recovery_Time_Q06.eps Graphic file (type eps)

<Chapter_3_Figures/Recovery_Time_Q06.eps> [102]
File: Chapter_3_Figures/Recovery_Time_Q10.eps Graphic file (type eps)

<Chapter_3_Figures/Recovery_Time_Q10.eps>
File: Chapter_3_Figures/Recovery_Time_Q14.eps Graphic file (type eps)

<Chapter_3_Figures/Recovery_Time_Q14.eps> [103]
File: Chapter_3_Figures/Lifetime_File20_Q06.eps Graphic file (type eps)

<Chapter_3_Figures/Lifetime_File20_Q06.eps>
File: Chapter_3_Figures/Lifetime_File20_Q10.eps Graphic file (type eps)

<Chapter_3_Figures/Lifetime_File20_Q10.eps> [104]
File: Chapter_3_Figures/Lifetime_File20_Q14.eps Graphic file (type eps)

<Chapter_3_Figures/Lifetime_File20_Q14.eps>
File: Chapter_3_Figures/Lifetime_File80_Q06.eps Graphic file (type eps)

<Chapter_3_Figures/Lifetime_File80_Q06.eps> [105]
File: Chapter_3_Figures/Lifetime_File80_Q10.eps Graphic file (type eps)

<Chapter_3_Figures/Lifetime_File80_Q10.eps>
File: Chapter_3_Figures/Lifetime_File80_Q14.eps Graphic file (type eps)

<Chapter_3_Figures/Lifetime_File80_Q14.eps> [106]) [107] [108]
\openout2 = `Chapter_4_Distributed_Passive_RFID_Computing.aux'.


(./Chapter_4_Distributed_Passive_RFID_Computing.tex
CHAPTER 4.
[109




















] [110] [111] [112] [113] [114] [115] [116] [117] [118] [119] [120]
[121] [122] [123] [124] [125]
File: Chapter_4_Figures/alpha_S.eps Graphic file (type eps)
 <Chapter_4_Figures/alpha_S.eps>
File: Chapter_4_Figures/pdf_S.eps Graphic file (type eps)

<Chapter_4_Figures/pdf_S.eps> [126]
File: Chapter_4_Figures/interrogator_traj_alpha_S_10.eps Graphic file (type eps
)

<Chapter_4_Figures/interrogator_traj_alpha_S_10.eps>
File: Chapter_4_Figures/interrogator_traj_alpha_S_15.eps Graphic file (type eps
)

<Chapter_4_Figures/interrogator_traj_alpha_S_15.eps> [127]
File: Chapter_4_Figures/interrogator_traj_alpha_S_20.eps Graphic file (type eps
)

<Chapter_4_Figures/interrogator_traj_alpha_S_20.eps>
File: Chapter_4_Figures/sys_connect_100tags_all.eps Graphic file (type eps)

<Chapter_4_Figures/sys_connect_100tags_all.eps> [128]
File: Chapter_4_Figures/sys_connect_500tags_all.eps Graphic file (type eps)

<Chapter_4_Figures/sys_connect_500tags_all.eps>
File: Chapter_4_Figures/sys_connect_100tags_15diam.eps Graphic file (type eps)

<Chapter_4_Figures/sys_connect_100tags_15diam.eps> [129]
File: Chapter_4_Figures/sys_connect_500tags_15diam.eps Graphic file (type eps)

<Chapter_4_Figures/sys_connect_500tags_15diam.eps>
File: Chapter_4_Figures/sys_first_time_connect_100tags.eps Graphic file (type e
ps)

<Chapter_4_Figures/sys_first_time_connect_100tags.eps> [130]
File: Chapter_4_Figures/sys_first_time_connect_500tags.eps Graphic file (type e
ps)

<Chapter_4_Figures/sys_first_time_connect_500tags.eps>
File: Chapter_4_Figures/sys_links_min_dist_100tags_all.eps Graphic file (type e
ps)

<Chapter_4_Figures/sys_links_min_dist_100tags_all.eps> [131]
File: Chapter_4_Figures/sys_links_min_dist_500tags_all.eps Graphic file (type e
ps)

<Chapter_4_Figures/sys_links_min_dist_500tags_all.eps>
File: Chapter_4_Figures/sys_links_min_dist_100tags_15diam.eps Graphic file (typ
e eps)

<Chapter_4_Figures/sys_links_min_dist_100tags_15diam.eps> [132]
File: Chapter_4_Figures/sys_links_min_dist_500tags_15diam.eps Graphic file (typ
e eps)

<Chapter_4_Figures/sys_links_min_dist_500tags_15diam.eps>
File: Chapter_4_Figures/sys_links_max_dist_100tags_all.eps Graphic file (type e
ps)

<Chapter_4_Figures/sys_links_max_dist_100tags_all.eps> [133]
File: Chapter_4_Figures/sys_links_max_dist_500tags_all.eps Graphic file (type e
ps)

<Chapter_4_Figures/sys_links_max_dist_500tags_all.eps>
File: Chapter_4_Figures/sys_links_max_dist_100tags_15diam.eps Graphic file (typ
e eps)

<Chapter_4_Figures/sys_links_max_dist_100tags_15diam.eps> [134]
File: Chapter_4_Figures/sys_links_max_dist_500tags_15diam.eps Graphic file (typ
e eps)

<Chapter_4_Figures/sys_links_max_dist_500tags_15diam.eps>
File: Chapter_4_Figures/sys_links_disp_100tags_all.eps Graphic file (type eps)

<Chapter_4_Figures/sys_links_disp_100tags_all.eps> [135]
File: Chapter_4_Figures/sys_links_disp_500tags_all.eps Graphic file (type eps)

<Chapter_4_Figures/sys_links_disp_500tags_all.eps>
File: Chapter_4_Figures/sys_links_disp_100tags_15diam.eps Graphic file (type ep
s)

<Chapter_4_Figures/sys_links_disp_100tags_15diam.eps> [136]
File: Chapter_4_Figures/sys_links_disp_500tags_15diam.eps Graphic file (type ep
s)

<Chapter_4_Figures/sys_links_disp_500tags_15diam.eps>
File: Chapter_4_Figures/sin_connect_100tags_all.eps Graphic file (type eps)

<Chapter_4_Figures/sin_connect_100tags_all.eps> [137]
File: Chapter_4_Figures/sin_connect_500tags_all.eps Graphic file (type eps)

<Chapter_4_Figures/sin_connect_500tags_all.eps>
File: Chapter_4_Figures/sin_min_100tags_all.eps Graphic file (type eps)

<Chapter_4_Figures/sin_min_100tags_all.eps> [138]
File: Chapter_4_Figures/sin_min_500tags_all.eps Graphic file (type eps)

<Chapter_4_Figures/sin_min_500tags_all.eps>
File: Chapter_4_Figures/sin_max_100tags_all.eps Graphic file (type eps)

<Chapter_4_Figures/sin_max_100tags_all.eps> [139]
File: Chapter_4_Figures/sin_max_500tags_all.eps Graphic file (type eps)

<Chapter_4_Figures/sin_max_500tags_all.eps>
File: Chapter_4_Figures/sin_disp_100tags_all.eps Graphic file (type eps)

<Chapter_4_Figures/sin_disp_100tags_all.eps> [140]
File: Chapter_4_Figures/sin_disp_500tags_all.eps Graphic file (type eps)

<Chapter_4_Figures/sin_disp_500tags_all.eps>
File: Chapter_4_Figures/expect_time_util.eps Graphic file (type eps)

<Chapter_4_Figures/expect_time_util.eps> [141]
File: Chapter_4_Figures/max_expect_time_util.eps Graphic file (type eps)

<Chapter_4_Figures/max_expect_time_util.eps>
File: Chapter_4_Figures/maximizing_compute_time.eps Graphic file (type eps)

<Chapter_4_Figures/maximizing_compute_time.eps> [142]) [143]
\openout2 = `Chapter_5_Conclusion.aux'.


(./Chapter_5_Conclusion.tex
CHAPTER 5.
[144





















] [145] [146] [147] [148]) [149]
Underfull \hbox (badness 10000) in paragraph at lines 191--192
[]\OT1/cmr/m/n/12 NFC Fo-rum. NFC Fo-rum Spec-i-fi-ca-tions. [On-line]. Avail-a
ble:
 []

[150



] [151]
Underfull \hbox (badness 7012) in paragraph at lines 244--245
[]\OT1/cmr/m/n/12 J. Bur-nell. (2008, Jan.). Texas Turns to RFID for Emer-
 []


Underfull \hbox (badness 10000) in paragraph at lines 244--245
\OT1/cmr/m/n/12 gency Evac-u-a-tion Sys-tem. \OT1/cmr/m/it/12 RFID Up-date. \OT
1/cmr/m/n/12 [On-line]. Avail-able:
 []

Missing character: There is no Þ in font cmr12!

Underfull \hbox (badness 10000) in paragraph at lines 269--270
[]\OT1/cmr/m/n/12 GS1, ``EPC-global,'' Sep. 25, 2008. [On-line]. Avail-able:
 []

[152]
Underfull \hbox (badness 1270) in paragraph at lines 282--283
[]\OT1/cmr/m/n/12 Hitachi, ``Hi-biki RFID Tag,'' May 11, 2009. [On-line]. Avail
-able:
 []

[153] [154]
Underfull \hbox (badness 10000) in paragraph at lines 376--377
[]\OT1/cmr/m/n/12 Alien Tech-nol-ogy, ``ALR-9650 Single-Antenna RFID
 []


Underfull \hbox (badness 10000) in paragraph at lines 376--377
\OT1/cmr/m/n/12 So-lu-tion,'' Jul. 9, 2009. [On-line]. Avail-able:
 []


Underfull \hbox (badness 1052) in paragraph at lines 385--386
[]\OT1/cmr/m/n/12 Discover RFID, ``In the For-est,'' Nov. 19, 2009. [On-line]. 
Avail-
 []

[155]
Underfull \hbox (badness 10000) in paragraph at lines 389--390
[]\OT1/cmr/m/n/12 National Park Ser-vice, ``Day Hikes in Yosemite
 []


Underfull \hbox (badness 10000) in paragraph at lines 389--390
\OT1/cmr/m/n/12 Val-ley,'' Nov. 19, 2009. [On-line]. Avail-able:
 []

Missing character: There is no Õ in font cmr12!
[156] (./ecethesis.aux (./Chapter_1_Introduction.aux)
(./Chapter_2_Tracking_Protocols.aux) (./Chapter_3_Storage_Access_Protocols.aux)
(./Chapter_4_Distributed_Passive_RFID_Computing.aux)
(./Chapter_5_Conclusion.aux)) ) 
Here is how much of TeX's memory you used:
 3445 strings out of 493748
 58213 string characters out of 3143569
 119989 words of memory out of 3000000
 6566 multiletter control sequences out of 15000+200000
 12401 words of font info for 44 fonts, out of 3000000 for 9000
 714 hyphenation exceptions out of 8191
 36i,22n,38p,3927b,337s stack positions out of 5000i,500n,10000p,200000b,50000s

Output written on ecethesis.dvi (161 pages, 431636 bytes).
